<?xml version="1.0" encoding="UTF-8"?>
<testng-results ignored="0" total="1" passed="1" failed="0" skipped="0">
  <reporter-output>
  </reporter-output>
  <suite started-at="2024-04-07T16:20:36 IST" name="Default suite" finished-at="2024-04-07T16:21:40 IST" duration-ms="63449">
    <groups>
      <group name="cucumber">
        <method signature="AbstractTestNGCucumberTests.runScenario(io.cucumber.testng.PickleWrapper,io.cucumber.testng.FeatureWrapper)[pri:0, instance:com.ncs.Cucumber.SearchRunner@6b695b06]" name="runScenario" class="io.cucumber.testng.AbstractTestNGCucumberTests"/>
      </group> <!-- cucumber -->
    </groups>
    <test started-at="2024-04-07T16:20:36 IST" name="Default test" finished-at="2024-04-07T16:21:40 IST" duration-ms="63449">
      <class name="com.ncs.Cucumber.SearchRunner">
        <test-method is-config="true" signature="setUpClass(org.testng.ITestContext)[pri:0, instance:com.ncs.Cucumber.SearchRunner@6b695b06]" started-at="2024-04-07T16:20:37 IST" name="setUpClass" finished-at="2024-04-07T16:20:40 IST" duration-ms="3054" status="PASS">
          <params>
            <param index="0">
              <value>
                <![CDATA[org.testng.TestRunner@10947c4e]]>
              </value>
            </param>
          </params>
          <reporter-output>
          </reporter-output>
        </test-method> <!-- setUpClass -->
        <test-method signature="runScenario(io.cucumber.testng.PickleWrapper,io.cucumber.testng.FeatureWrapper)[pri:0, instance:com.ncs.Cucumber.SearchRunner@6b695b06]" started-at="2024-04-07T16:20:40 IST" name="runScenario" description="Runs Cucumber Scenarios" data-provider="scenarios" finished-at="2024-04-07T16:21:40 IST" duration-ms="60010" status="PASS">
          <params>
            <param index="0">
              <value>
                <![CDATA["Perform a search on Google"]]>
              </value>
            </param>
            <param index="1">
              <value>
                <![CDATA["Search functionality"]]>
              </value>
            </param>
          </params>
          <reporter-output>
          </reporter-output>
        </test-method> <!-- runScenario -->
        <test-method is-config="true" signature="tearDownClass()[pri:0, instance:com.ncs.Cucumber.SearchRunner@6b695b06]" started-at="2024-04-07T16:21:40 IST" name="tearDownClass" finished-at="2024-04-07T16:21:40 IST" duration-ms="247" status="PASS">
          <reporter-output>
          </reporter-output>
        </test-method> <!-- tearDownClass -->
      </class> <!-- com.ncs.Cucumber.SearchRunner -->
    </test> <!-- Default test -->
  </suite> <!-- Default suite -->
</testng-results>
